Logfile initialized
[INFO] logfile = /Users/gl/Documents/Titanium_Studio_Workspace/GitExplorer/build.log
[DEBUG] /Users/gl/Library/Application Support/Titanium/mobilesdk/osx/3.1.3.GA/android/builder.py simulator git /SDKAndroid/sdk /Users/gl/Documents/Titanium_Studio_Workspace/GitExplorer com.git 2 HVGA
[INFO] Launching Android emulator...one moment
[DEBUG] From: /SDKAndroid/sdk/tools/emulator
[DEBUG] SDCard: /Users/gl/.titanium/android2.sdcard
[DEBUG] AVD ID: 2
[DEBUG] AVD Skin: HVGA
[DEBUG] AVD ABI: armeabi
[DEBUG] SDK: /SDKAndroid/sdk
[INFO] Building git for Android ... one moment
[INFO] Emulator is running.
[INFO] plugin=/Users/gl/Library/Application Support/Titanium/plugins/ti.alloy/1.0/plugin.py
[INFO] Detected compiler plugin: ti.alloy/1.0
[INFO] Titanium SDK version: 3.1.3 (09/18/13 12:00 222f4d1)
[DEBUG] Waiting for device to be ready ...
[TRACE] adb devices returned 1 devices/emulators
[DEBUG] Device connected... (waited 0 seconds)
[DEBUG] waited 0.027487 seconds on emulator to get ready
[DEBUG] com.git installed? True
[INFO] Fastdev server running, deploying in Fastdev mode
[INFO] Copying CommonJS modules...
[INFO] Copying project resources..
[TRACE] COPYING MODIFIED FILE: /Users/gl/Documents/Titanium_Studio_Workspace/GitExplorer/Resources/alloy/backbone.js => /Users/gl/Documents/Titanium_Studio_Workspace/GitExplorer/build/android/bin/assets/Resources/alloy/backbone.js
[TRACE] COPYING MODIFIED FILE: /Users/gl/Documents/Titanium_Studio_Workspace/GitExplorer/Resources/alloy/constants.js => /Users/gl/Documents/Titanium_Studio_Workspace/GitExplorer/build/android/bin/assets/Resources/alloy/constants.js
[TRACE] COPYING MODIFIED FILE: /Users/gl/Documents/Titanium_Studio_Workspace/GitExplorer/Resources/alloy/controllers/BaseController.js => /Users/gl/Documents/Titanium_Studio_Workspace/GitExplorer/build/android/bin/assets/Resources/alloy/controllers/BaseController.js
[TRACE] COPYING MODIFIED FILE: /Users/gl/Documents/Titanium_Studio_Workspace/GitExplorer/Resources/alloy/controllers/DetailController.js => /Users/gl/Documents/Titanium_Studio_Workspace/GitExplorer/build/android/bin/assets/Resources/alloy/controllers/DetailController.js
[TRACE] COPYING MODIFIED FILE: /Users/gl/Documents/Titanium_Studio_Workspace/GitExplorer/Resources/alloy/controllers/FavoritesController.js => /Users/gl/Documents/Titanium_Studio_Workspace/GitExplorer/build/android/bin/assets/Resources/alloy/controllers/FavoritesController.js
[TRACE] COPYING MODIFIED FILE: /Users/gl/Documents/Titanium_Studio_Workspace/GitExplorer/Resources/alloy/controllers/index.js => /Users/gl/Documents/Titanium_Studio_Workspace/GitExplorer/build/android/bin/assets/Resources/alloy/controllers/index.js
[TRACE] COPYING MODIFIED FILE: /Users/gl/Documents/Titanium_Studio_Workspace/GitExplorer/Resources/alloy/controllers/SearchController.js => /Users/gl/Documents/Titanium_Studio_Workspace/GitExplorer/build/android/bin/assets/Resources/alloy/controllers/SearchController.js
[TRACE] COPYING MODIFIED FILE: /Users/gl/Documents/Titanium_Studio_Workspace/GitExplorer/Resources/alloy/models/Project.js => /Users/gl/Documents/Titanium_Studio_Workspace/GitExplorer/build/android/bin/assets/Resources/alloy/models/Project.js
[TRACE] COPYING MODIFIED FILE: /Users/gl/Documents/Titanium_Studio_Workspace/GitExplorer/Resources/alloy/styles/DetailController.js => /Users/gl/Documents/Titanium_Studio_Workspace/GitExplorer/build/android/bin/assets/Resources/alloy/styles/DetailController.js
[TRACE] COPYING MODIFIED FILE: /Users/gl/Documents/Titanium_Studio_Workspace/GitExplorer/Resources/alloy/styles/FavoritesController.js => /Users/gl/Documents/Titanium_Studio_Workspace/GitExplorer/build/android/bin/assets/Resources/alloy/styles/FavoritesController.js
[TRACE] COPYING MODIFIED FILE: /Users/gl/Documents/Titanium_Studio_Workspace/GitExplorer/Resources/alloy/styles/index.js => /Users/gl/Documents/Titanium_Studio_Workspace/GitExplorer/build/android/bin/assets/Resources/alloy/styles/index.js
[TRACE] COPYING MODIFIED FILE: /Users/gl/Documents/Titanium_Studio_Workspace/GitExplorer/Resources/alloy/styles/SearchController.js => /Users/gl/Documents/Titanium_Studio_Workspace/GitExplorer/build/android/bin/assets/Resources/alloy/styles/SearchController.js
[TRACE] COPYING MODIFIED FILE: /Users/gl/Documents/Titanium_Studio_Workspace/GitExplorer/Resources/alloy/sync/localStorage.js => /Users/gl/Documents/Titanium_Studio_Workspace/GitExplorer/build/android/bin/assets/Resources/alloy/sync/localStorage.js
[TRACE] COPYING MODIFIED FILE: /Users/gl/Documents/Titanium_Studio_Workspace/GitExplorer/Resources/alloy/sync/properties.js => /Users/gl/Documents/Titanium_Studio_Workspace/GitExplorer/build/android/bin/assets/Resources/alloy/sync/properties.js
[TRACE] COPYING MODIFIED FILE: /Users/gl/Documents/Titanium_Studio_Workspace/GitExplorer/Resources/alloy/sync/sql.js => /Users/gl/Documents/Titanium_Studio_Workspace/GitExplorer/build/android/bin/assets/Resources/alloy/sync/sql.js
[TRACE] COPYING MODIFIED FILE: /Users/gl/Documents/Titanium_Studio_Workspace/GitExplorer/Resources/alloy/sync/util.js => /Users/gl/Documents/Titanium_Studio_Workspace/GitExplorer/build/android/bin/assets/Resources/alloy/sync/util.js
[TRACE] COPYING MODIFIED FILE: /Users/gl/Documents/Titanium_Studio_Workspace/GitExplorer/Resources/alloy/underscore.js => /Users/gl/Documents/Titanium_Studio_Workspace/GitExplorer/build/android/bin/assets/Resources/alloy/underscore.js
[TRACE] COPYING MODIFIED FILE: /Users/gl/Documents/Titanium_Studio_Workspace/GitExplorer/Resources/alloy/widget.js => /Users/gl/Documents/Titanium_Studio_Workspace/GitExplorer/build/android/bin/assets/Resources/alloy/widget.js
[TRACE] COPYING MODIFIED FILE: /Users/gl/Documents/Titanium_Studio_Workspace/GitExplorer/Resources/alloy.js => /Users/gl/Documents/Titanium_Studio_Workspace/GitExplorer/build/android/bin/assets/Resources/alloy.js
[TRACE] COPYING MODIFIED FILE: /Users/gl/Documents/Titanium_Studio_Workspace/GitExplorer/Resources/android/alloy/CFG.js => /Users/gl/Documents/Titanium_Studio_Workspace/GitExplorer/build/android/bin/assets/Resources/alloy/CFG.js
[TRACE] COPYING MODIFIED FILE: /Users/gl/Documents/Titanium_Studio_Workspace/GitExplorer/Resources/app.js => /Users/gl/Documents/Titanium_Studio_Workspace/GitExplorer/build/android/bin/assets/Resources/app.js
[TRACE] COPYING MODIFIED FILE: /Users/gl/Documents/Titanium_Studio_Workspace/GitExplorer/Resources/FavoritesHandler.js => /Users/gl/Documents/Titanium_Studio_Workspace/GitExplorer/build/android/bin/assets/Resources/FavoritesHandler.js
[DEBUG] LiveView not enabled
[INFO] Tiapp.xml unchanged, skipping class generation
[DEBUG] Processing Android resource drawables
[DEBUG] Removed duplicate string [indexTitle] from /Users/gl/Documents/Titanium_Studio_Workspace/GitExplorer/build/android/res/values-es/strings.xml
[DEBUG] Removed duplicate string [indexSearchButton] from /Users/gl/Documents/Titanium_Studio_Workspace/GitExplorer/build/android/res/values-es/strings.xml
[DEBUG] Removed duplicate string [indexFavoritesButton] from /Users/gl/Documents/Titanium_Studio_Workspace/GitExplorer/build/android/res/values-es/strings.xml
[DEBUG] Removed duplicate string [backButton] from /Users/gl/Documents/Titanium_Studio_Workspace/GitExplorer/build/android/res/values-es/strings.xml
[DEBUG] Removed duplicate string [detailDescription] from /Users/gl/Documents/Titanium_Studio_Workspace/GitExplorer/build/android/res/values-es/strings.xml
[DEBUG] Removed duplicate string [detailURL] from /Users/gl/Documents/Titanium_Studio_Workspace/GitExplorer/build/android/res/values-es/strings.xml
[DEBUG] Removed duplicate string [noResults] from /Users/gl/Documents/Titanium_Studio_Workspace/GitExplorer/build/android/res/values-es/strings.xml
[DEBUG] Removed duplicate string [favoritesTitle] from /Users/gl/Documents/Titanium_Studio_Workspace/GitExplorer/build/android/res/values-es/strings.xml
[DEBUG] found drawable-long-land-hdpi splash screen at /Users/gl/Documents/Titanium_Studio_Workspace/GitExplorer/Resources/android/images/res-long-land-hdpi/default.png
[DEBUG] found drawable-long-land-ldpi splash screen at /Users/gl/Documents/Titanium_Studio_Workspace/GitExplorer/Resources/android/images/res-long-land-ldpi/default.png
[DEBUG] found drawable-long-port-hdpi splash screen at /Users/gl/Documents/Titanium_Studio_Workspace/GitExplorer/Resources/android/images/res-long-port-hdpi/default.png
[DEBUG] found drawable-long-port-ldpi splash screen at /Users/gl/Documents/Titanium_Studio_Workspace/GitExplorer/Resources/android/images/res-long-port-ldpi/default.png
[DEBUG] found drawable-notlong-land-hdpi splash screen at /Users/gl/Documents/Titanium_Studio_Workspace/GitExplorer/Resources/android/images/res-notlong-land-hdpi/default.png
[DEBUG] found drawable-notlong-land-ldpi splash screen at /Users/gl/Documents/Titanium_Studio_Workspace/GitExplorer/Resources/android/images/res-notlong-land-ldpi/default.png
[DEBUG] found drawable-notlong-land-mdpi splash screen at /Users/gl/Documents/Titanium_Studio_Workspace/GitExplorer/Resources/android/images/res-notlong-land-mdpi/default.png
[DEBUG] found drawable-notlong-port-hdpi splash screen at /Users/gl/Documents/Titanium_Studio_Workspace/GitExplorer/Resources/android/images/res-notlong-port-hdpi/default.png
[DEBUG] found drawable-notlong-port-ldpi splash screen at /Users/gl/Documents/Titanium_Studio_Workspace/GitExplorer/Resources/android/images/res-notlong-port-ldpi/default.png
[DEBUG] found drawable-notlong-port-mdpi splash screen at /Users/gl/Documents/Titanium_Studio_Workspace/GitExplorer/Resources/android/images/res-notlong-port-mdpi/default.png
[INFO] Re-launching application ... git
[INFO] Launching application ... git
[TRACE] Launch output: Starting: Intent { act=android.intent.action.MAIN cat=[android.intent.category.LAUNCHER] flg=0x10200000 cmp=com.git/.GitActivity }

